<?xml version="1.0" encoding="UTF-8"?>
<!-- Generated by org.testng.reporters.JUnitReportReporter -->
<testsuite skipped="0" hostname="EPBYMINW8310" name="simpleTests.SubTest" tests="4" failures="0" timestamp="21 Aug 2019 16:24:40 GMT" time="0.002" errors="0">
  <testcase name="subTest" time="0.001" classname="simpleTests.SubTest"/>
  <testcase name="subTest" time="0.000" classname="simpleTests.SubTest"/>
  <testcase name="subTest" time="0.001" classname="simpleTests.SubTest"/>
  <testcase name="subTest" time="0.000" classname="simpleTests.SubTest"/>
</testsuite> <!-- simpleTests.SubTest -->
